2021-02-02 11:11:39.595  INFO 8080 --- [restartedMain] .e.DevToolsPropertyDefaultsPostProcessor : Devtools property defaults active! Set 'spring.devtools.add-properties' to 'false' to disable
2021-02-02 11:11:39.597  INFO 8080 --- [restartedMain] .e.DevToolsPropertyDefaultsPostProcessor : For additional web related logging consider setting the 'logging.level.web' property to 'DEBUG'
2021-02-02 11:11:39.916  INFO 8080 --- [restartedMain] o.s.b.w.embedded.tomcat.TomcatWebServer  : Tomcat initialized with port(s): 8000 (http)
2021-02-02 11:11:39.920  INFO 8080 --- [restartedMain] o.apache.catalina.core.StandardService   : Starting service [Tomcat]
2021-02-02 11:11:39.921  INFO 8080 --- [restartedMain] org.apache.catalina.core.StandardEngine  : Starting Servlet engine: [Apache Tomcat/9.0.41]
2021-02-02 11:11:39.948  INFO 8080 --- [restartedMain] o.a.c.c.C.[Tomcat].[localhost].[/]       : Initializing Spring embedded WebApplicationContext
2021-02-02 11:11:39.948  INFO 8080 --- [restartedMain] w.s.c.ServletWebServerApplicationContext : Root WebApplicationContext: initialization completed in 350 ms
2021-02-02 11:11:40.033  INFO 8080 --- [restartedMain] o.s.s.concurrent.ThreadPoolTaskExecutor  : Initializing ExecutorService 'applicationTaskExecutor'
2021-02-02 11:11:40.102  INFO 8080 --- [restartedMain] o.s.b.d.a.OptionalLiveReloadServer       : LiveReload server is running on port 35729
2021-02-02 11:11:40.133  INFO 8080 --- [restartedMain] o.s.b.w.embedded.tomcat.TomcatWebServer  : Tomcat started on port(s): 8000 (http) with context path ''
2021-02-02 11:11:40.139  WARN 8080 --- [restartedMain] com.rubypaper.LoggingRunner              : WARN 로그 메시지
2021-02-02 11:11:40.139 ERROR 8080 --- [restartedMain] com.rubypaper.LoggingRunner              : ERROR 로그 메시지
2021-02-02 11:14:30.933  INFO 8080 --- [SpringContextShutdownHook] o.s.s.concurrent.ThreadPoolTaskExecutor  : Shutting down ExecutorService 'applicationTaskExecutor'
2021-02-02 11:18:02.686  INFO 8128 --- [restartedMain] com.rubypaper.Chapter03Application       : Starting Chapter03Application using Java 11.0.10 on wonny.local with PID 8128 (/Users/cherro/Documents/GitHub/spring-quickstart/Chapter03/target/classes started by cherro in /Users/cherro/Documents/GitHub/spring-quickstart/Chapter03)
2021-02-02 11:18:02.687 DEBUG 8128 --- [restartedMain] com.rubypaper.Chapter03Application       : Running with Spring Boot v2.4.2, Spring v5.3.3
2021-02-02 11:18:02.688  INFO 8128 --- [restartedMain] com.rubypaper.Chapter03Application       : No active profile set, falling back to default profiles: default
2021-02-02 11:18:02.707  INFO 8128 --- [restartedMain] .e.DevToolsPropertyDefaultsPostProcessor : Devtools property defaults active! Set 'spring.devtools.add-properties' to 'false' to disable
2021-02-02 11:18:02.707  INFO 8128 --- [restartedMain] .e.DevToolsPropertyDefaultsPostProcessor : For additional web related logging consider setting the 'logging.level.web' property to 'DEBUG'
2021-02-02 11:18:02.996  INFO 8128 --- [restartedMain] o.s.b.w.embedded.tomcat.TomcatWebServer  : Tomcat initialized with port(s): 8000 (http)
2021-02-02 11:18:03.000  INFO 8128 --- [restartedMain] o.apache.catalina.core.StandardService   : Starting service [Tomcat]
2021-02-02 11:18:03.000  INFO 8128 --- [restartedMain] org.apache.catalina.core.StandardEngine  : Starting Servlet engine: [Apache Tomcat/9.0.41]
2021-02-02 11:18:03.018  INFO 8128 --- [restartedMain] o.a.c.c.C.[Tomcat].[localhost].[/]       : Initializing Spring embedded WebApplicationContext
2021-02-02 11:18:03.018  INFO 8128 --- [restartedMain] w.s.c.ServletWebServerApplicationContext : Root WebApplicationContext: initialization completed in 310 ms
2021-02-02 11:18:03.084  INFO 8128 --- [restartedMain] o.s.s.concurrent.ThreadPoolTaskExecutor  : Initializing ExecutorService 'applicationTaskExecutor'
2021-02-02 11:18:03.147  INFO 8128 --- [restartedMain] o.s.b.d.a.OptionalLiveReloadServer       : LiveReload server is running on port 35729
2021-02-02 11:18:03.176  INFO 8128 --- [restartedMain] o.s.b.w.embedded.tomcat.TomcatWebServer  : Tomcat started on port(s): 8000 (http) with context path ''
2021-02-02 11:18:03.184  INFO 8128 --- [restartedMain] com.rubypaper.Chapter03Application       : Started Chapter03Application in 0.684 seconds (JVM running for 1.075)
2021-02-02 11:18:03.185 TRACE 8128 --- [restartedMain] com.rubypaper.LoggingRunner              : TRACE 로그 메시지
2021-02-02 11:18:03.186 DEBUG 8128 --- [restartedMain] com.rubypaper.LoggingRunner              : DEBUG 로그 메시지
2021-02-02 11:18:03.186  INFO 8128 --- [restartedMain] com.rubypaper.LoggingRunner              : INFO 로그 메시지
2021-02-02 11:18:03.186  WARN 8128 --- [restartedMain] com.rubypaper.LoggingRunner              : WARN 로그 메시지
2021-02-02 11:18:03.186 ERROR 8128 --- [restartedMain] com.rubypaper.LoggingRunner              : ERROR 로그 메시지
2021-02-02 11:18:13.898  INFO 8128 --- [SpringContextShutdownHook] o.s.s.concurrent.ThreadPoolTaskExecutor  : Shutting down ExecutorService 'applicationTaskExecutor'
2021-02-02 11:18:15.713  INFO 8134 --- [restartedMain] com.rubypaper.Chapter03Application       : Starting Chapter03Application using Java 11.0.10 on wonny.local with PID 8134 (/Users/cherro/Documents/GitHub/spring-quickstart/Chapter03/target/classes started by cherro in /Users/cherro/Documents/GitHub/spring-quickstart/Chapter03)
2021-02-02 11:18:15.713 DEBUG 8134 --- [restartedMain] com.rubypaper.Chapter03Application       : Running with Spring Boot v2.4.2, Spring v5.3.3
2021-02-02 11:18:15.714  INFO 8134 --- [restartedMain] com.rubypaper.Chapter03Application       : No active profile set, falling back to default profiles: default
2021-02-02 11:18:15.729  INFO 8134 --- [restartedMain] .e.DevToolsPropertyDefaultsPostProcessor : Devtools property defaults active! Set 'spring.devtools.add-properties' to 'false' to disable
2021-02-02 11:18:15.729  INFO 8134 --- [restartedMain] .e.DevToolsPropertyDefaultsPostProcessor : For additional web related logging consider setting the 'logging.level.web' property to 'DEBUG'
2021-02-02 11:18:15.986  INFO 8134 --- [restartedMain] o.s.b.w.embedded.tomcat.TomcatWebServer  : Tomcat initialized with port(s): 8000 (http)
2021-02-02 11:18:15.990  INFO 8134 --- [restartedMain] o.apache.catalina.core.StandardService   : Starting service [Tomcat]
2021-02-02 11:18:15.990  INFO 8134 --- [restartedMain] org.apache.catalina.core.StandardEngine  : Starting Servlet engine: [Apache Tomcat/9.0.41]
2021-02-02 11:18:16.005  INFO 8134 --- [restartedMain] o.a.c.c.C.[Tomcat].[localhost].[/]       : Initializing Spring embedded WebApplicationContext
2021-02-02 11:18:16.005  INFO 8134 --- [restartedMain] w.s.c.ServletWebServerApplicationContext : Root WebApplicationContext: initialization completed in 275 ms
2021-02-02 11:18:16.063  INFO 8134 --- [restartedMain] o.s.s.concurrent.ThreadPoolTaskExecutor  : Initializing ExecutorService 'applicationTaskExecutor'
2021-02-02 11:18:16.109  INFO 8134 --- [restartedMain] o.s.b.d.a.OptionalLiveReloadServer       : LiveReload server is running on port 35729
2021-02-02 11:18:16.133  INFO 8134 --- [restartedMain] o.s.b.w.embedded.tomcat.TomcatWebServer  : Tomcat started on port(s): 8000 (http) with context path ''
2021-02-02 11:18:16.139  INFO 8134 --- [restartedMain] com.rubypaper.Chapter03Application       : Started Chapter03Application in 0.57 seconds (JVM running for 0.961)
2021-02-02 11:18:16.140 TRACE 8134 --- [restartedMain] com.rubypaper.LoggingRunner              : TRACE 로그 메시지
2021-02-02 11:18:16.140 DEBUG 8134 --- [restartedMain] com.rubypaper.LoggingRunner              : DEBUG 로그 메시지
2021-02-02 11:18:16.140  INFO 8134 --- [restartedMain] com.rubypaper.LoggingRunner              : INFO 로그 메시지
2021-02-02 11:18:16.140  WARN 8134 --- [restartedMain] com.rubypaper.LoggingRunner              : WARN 로그 메시지
2021-02-02 11:18:16.140 ERROR 8134 --- [restartedMain] com.rubypaper.LoggingRunner              : ERROR 로그 메시지
2021-02-02 11:18:34.684  INFO 8134 --- [SpringContextShutdownHook] o.s.s.concurrent.ThreadPoolTaskExecutor  : Shutting down ExecutorService 'applicationTaskExecutor'
2021-02-02 11:18:36.455  INFO 8142 --- [restartedMain] .e.DevToolsPropertyDefaultsPostProcessor : Devtools property defaults active! Set 'spring.devtools.add-properties' to 'false' to disable
2021-02-02 11:18:36.458  INFO 8142 --- [restartedMain] .e.DevToolsPropertyDefaultsPostProcessor : For additional web related logging consider setting the 'logging.level.web' property to 'DEBUG'
2021-02-02 11:18:36.835  INFO 8142 --- [restartedMain] o.s.b.w.embedded.tomcat.TomcatWebServer  : Tomcat initialized with port(s): 8000 (http)
2021-02-02 11:18:36.838  INFO 8142 --- [restartedMain] o.apache.catalina.core.StandardService   : Starting service [Tomcat]
2021-02-02 11:18:36.838  INFO 8142 --- [restartedMain] org.apache.catalina.core.StandardEngine  : Starting Servlet engine: [Apache Tomcat/9.0.41]
2021-02-02 11:18:36.855  INFO 8142 --- [restartedMain] o.a.c.c.C.[Tomcat].[localhost].[/]       : Initializing Spring embedded WebApplicationContext
2021-02-02 11:18:36.855  INFO 8142 --- [restartedMain] w.s.c.ServletWebServerApplicationContext : Root WebApplicationContext: initialization completed in 396 ms
2021-02-02 11:18:36.915  INFO 8142 --- [restartedMain] o.s.s.concurrent.ThreadPoolTaskExecutor  : Initializing ExecutorService 'applicationTaskExecutor'
2021-02-02 11:18:36.967  INFO 8142 --- [restartedMain] o.s.b.d.a.OptionalLiveReloadServer       : LiveReload server is running on port 35729
2021-02-02 11:18:36.994  INFO 8142 --- [restartedMain] o.s.b.w.embedded.tomcat.TomcatWebServer  : Tomcat started on port(s): 8000 (http) with context path ''
2021-02-02 11:18:37.000  WARN 8142 --- [restartedMain] com.rubypaper.LoggingRunner              : WARN 로그 메시지
2021-02-02 11:18:37.000 ERROR 8142 --- [restartedMain] com.rubypaper.LoggingRunner              : ERROR 로그 메시지
2021-02-02 11:26:45.471  INFO 8142 --- [SpringContextShutdownHook] o.s.s.concurrent.ThreadPoolTaskExecutor  : Shutting down ExecutorService 'applicationTaskExecutor'
